0 info it worked if it ends with ok
1 verbose cli [ '/usr/local/bin/node',
1 verbose cli   '/usr/local/bin/npm',
1 verbose cli   'run',
1 verbose cli   'development' ]
2 info using npm@3.10.3
3 info using node@v6.6.0
4 verbose run-script [ 'predevelopment', 'development', 'postdevelopment' ]
5 info lifecycle codelab@1.0.0~predevelopment: codelab@1.0.0
6 silly lifecycle codelab@1.0.0~predevelopment: no script for predevelopment, continuing
7 info lifecycle codelab@1.0.0~development: codelab@1.0.0
8 verbose lifecycle codelab@1.0.0~development: unsafe-perm in lifecycle true
9 verbose lifecycle codelab@1.0.0~development: PATH: /usr/local/lib/node_modules/npm/bin/node-gyp-bin:/home/ubuntu/GGP_react/node_modules/.bin:/usr/local/bin:/usr/local/sbin:/usr/local/bin:/usr/sbin:/usr/bin:/sbin:/bin:/usr/games:/usr/local/games
10 verbose lifecycle codelab@1.0.0~development: CWD: /home/ubuntu/GGP_react
11 silly lifecycle codelab@1.0.0~development: Args: [ '-c',
11 silly lifecycle   'cross-env NODE_ENV=development nodemon --exec babel-node --presets=es2015 ./server/main.js --watch server' ]
12 silly lifecycle codelab@1.0.0~development: Returned: code: 1  signal: null
13 info lifecycle codelab@1.0.0~development: Failed to exec development script
14 verbose stack Error: codelab@1.0.0 development: `cross-env NODE_ENV=development nodemon --exec babel-node --presets=es2015 ./server/main.js --watch server`
14 verbose stack Exit status 1
14 verbose stack     at EventEmitter.<anonymous> (/usr/local/lib/node_modules/npm/lib/utils/lifecycle.js:242:16)
14 verbose stack     at emitTwo (events.js:106:13)
14 verbose stack     at EventEmitter.emit (events.js:191:7)
14 verbose stack     at ChildProcess.<anonymous> (/usr/local/lib/node_modules/npm/lib/utils/spawn.js:40:14)
14 verbose stack     at emitTwo (events.js:106:13)
14 verbose stack     at ChildProcess.emit (events.js:191:7)
14 verbose stack     at maybeClose (internal/child_process.js:877:16)
14 verbose stack     at Process.ChildProcess._handle.onexit (internal/child_process.js:226:5)
15 verbose pkgid codelab@1.0.0
16 verbose cwd /home/ubuntu/GGP_react
17 error Linux 3.13.0-74-generic
18 error argv "/usr/local/bin/node" "/usr/local/bin/npm" "run" "development"
19 error node v6.6.0
20 error npm  v3.10.3
21 error code ELIFECYCLE
22 error codelab@1.0.0 development: `cross-env NODE_ENV=development nodemon --exec babel-node --presets=es2015 ./server/main.js --watch server`
22 error Exit status 1
23 error Failed at the codelab@1.0.0 development script 'cross-env NODE_ENV=development nodemon --exec babel-node --presets=es2015 ./server/main.js --watch server'.
23 error Make sure you have the latest version of node.js and npm installed.
23 error If you do, this is most likely a problem with the codelab package,
23 error not with npm itself.
23 error Tell the author that this fails on your system:
23 error     cross-env NODE_ENV=development nodemon --exec babel-node --presets=es2015 ./server/main.js --watch server
23 error You can get information on how to open an issue for this project with:
23 error     npm bugs codelab
23 error Or if that isn't available, you can get their info via:
23 error     npm owner ls codelab
23 error There is likely additional logging output above.
24 verbose exit [ 1, true ]
